2025-09-15 14:15:48:1548 [31merror[39m: [31m❌ Email server configuration error:[39m
2025-09-15 14:18:16:1816 [31merror[39m: [31m❌ Email server configuration error:[39m
2025-09-15 14:21:18:2118 [31merror[39m: [31m❌ Email server configuration error:[39m
2025-09-15 14:22:05:225 [31merror[39m: [31m❌ Failed to send password reset email: Invalid login: 535-5.7.8 Username and Password not accepted. For more information, go to[39m
[31m535 5.7.8  https://support.google.com/mail/?p=BadCredentials 98e67ed59e1d1-32e04675d1csm3033508a91.11 - gsmtp[39m
2025-09-15 14:22:05:225 [31merror[39m: [31mFailed to send email:[39m
2025-09-15 14:23:02:232 [31merror[39m: [31m❌ Failed to send password reset email: Invalid login: 535-5.7.8 Username and Password not accepted. For more information, go to[39m
[31m535 5.7.8  https://support.google.com/mail/?p=BadCredentials 41be03b00d2f7-b54a35b7e31sm11025870a12.11 - gsmtp[39m
2025-09-15 14:23:02:232 [31merror[39m: [31mFailed to send email:[39m
2025-09-15 14:34:03:343 [31merror[39m: [31m❌ Failed to send password reset email: Invalid login: 535-5.7.8 Username and Password not accepted. For more information, go to[39m
[31m535 5.7.8  https://support.google.com/mail/?p=BadCredentials d9443c01a7336-2651ca21842sm34394905ad.34 - gsmtp[39m
2025-09-15 14:34:03:343 [31merror[39m: [31mFailed to send email:[39m
2025-09-15 14:34:18:3418 [31merror[39m: [31m❌ Email server configuration error:[39m
2025-09-15 14:36:00:360 [31merror[39m: [31m❌ Failed to send password reset email: Invalid login: 535-5.7.8 Username and Password not accepted. For more information, go to[39m
[31m535 5.7.8  https://support.google.com/mail/?p=BadCredentials d9443c01a7336-25dab79baf8sm88467355ad.32 - gsmtp[39m
2025-09-15 14:36:00:360 [31merror[39m: [31mFailed to send email:[39m
2025-09-16 11:49:00:490 [31merror[39m: [31m❌ Email server configuration error:[39m
2025-09-16 11:54:44:5444 [31merror[39m: [31m❌ Email server configuration error:[39m
2025-09-16 12:25:33:2533 [31merror[39m: [31m❌ Email server configuration error:[39m
2025-09-17 13:27:29:2729 [31merror[39m: [31m❌ Email server configuration error:[39m
2025-09-17 13:27:45:2745 [31merror[39m: [31m❌ Email server configuration error:[39m
2025-09-18 13:35:56:3556 [31merror[39m: [31m❌ Email server configuration error:[39m
2025-09-19 12:18:47:1847 [31merror[39m: [31m❌ Email server configuration error:[39m
2025-09-19 12:19:44:1944 [31merror[39m: [31m❌ Email server configuration error:[39m
2025-09-19 12:37:53:3753 [31merror[39m: [31m❌ Email server configuration error:[39m
2025-09-19 13:07:30:730 [31merror[39m: [31m❌ Email server configuration error:[39m
2025-09-19 13:13:53:1353 [31merror[39m: [31m❌ Email server configuration error:[39m
2025-09-19 13:14:23:1423 [31merror[39m: [31m❌ Email server configuration error:[39m
2025-09-22 10:58:58:5858 [31merror[39m: [31m❌ Email server configuration error:[39m
2025-09-22 11:08:10:810 [31merror[39m: [31m❌ Email server configuration error:[39m
2025-09-22 11:08:22:822 [31merror[39m: [31mNot Found - /api/dashboard/panel-1758518597335-zoi2khlp0[39m
2025-09-22 11:09:39:939 [31merror[39m: [31mNot Found - /api/dashboard/panel-1758518597335-zoi2khlp0[39m
2025-09-22 11:09:49:949 [31merror[39m: [31m❌ Email server configuration error:[39m
2025-09-22 11:22:21:2221 [31merror[39m: [31m❌ Email server configuration error:[39m
2025-09-22 11:22:40:2240 [31merror[39m: [31m❌ Email server configuration error:[39m
2025-09-22 11:24:17:2417 [31merror[39m: [31m❌ Email server configuration error:[39m
2025-09-22 11:25:05:255 [31merror[39m: [31m❌ Email server configuration error:[39m
2025-09-22 11:27:34:2734 [31merror[39m: [31m❌ Email server configuration error:[39m
2025-09-22 11:28:18:2818 [31merror[39m: [31m❌ Email server configuration error:[39m
2025-09-22 11:28:47:2847 [31merror[39m: [31m❌ Email server configuration error:[39m
2025-09-22 11:30:10:3010 [31merror[39m: [31m❌ Email server configuration error:[39m
2025-09-22 11:33:13:3313 [31merror[39m: [31m❌ Email server configuration error:[39m
2025-09-22 11:35:44:3544 [31merror[39m: [31m❌ Email server configuration error:[39m
